\BOOKMARK [0][-]{chapter.1}{Introducci\363n}{}% 1
\BOOKMARK [1][-]{section.1.1}{Presentaci\363n}{chapter.1}% 2
\BOOKMARK [1][-]{section.1.2}{Organizaci\363n del contenido}{chapter.1}% 3
\BOOKMARK [1][-]{section.1.3}{Notaci\363n, s\355mbolos y convenciones utilizadas}{chapter.1}% 4
\BOOKMARK [0][-]{chapter.2}{Modelo del Alcance}{}% 5
\BOOKMARK [1][-]{section.2.1}{Modelado de Usuarios}{chapter.2}% 6
\BOOKMARK [2][-]{subsection.2.1.1}{Organigrama de la Empresa}{section.2.1}% 7
\BOOKMARK [2][-]{subsection.2.1.2}{Gerente de Ventas}{section.2.1}% 8
\BOOKMARK [2][-]{subsection.2.1.3}{Agente de Ventas}{section.2.1}% 9
\BOOKMARK [1][-]{section.2.2}{Requerimientos de usuario}{chapter.2}% 10
\BOOKMARK [1][-]{section.2.3}{Especificaci\363n de plataforma}{chapter.2}% 11
\BOOKMARK [0][-]{chapter.3}{Modelo del Negocio}{}% 12
\BOOKMARK [1][-]{section.3.1}{Contexto}{chapter.3}% 13
\BOOKMARK [1][-]{section.3.2}{T\351rminos del Negocio}{chapter.3}% 14
\BOOKMARK [1][-]{section.3.3}{Modelo del dominio del problema}{chapter.3}% 15
\BOOKMARK [2][-]{subsection.3.3.1}{Modelo del dominio del problema}{section.3.3}% 16
\BOOKMARK [2][-]{subsection.3.3.2}{Entidad: Alumno}{section.3.3}% 17
\BOOKMARK [2][-]{subsection.3.3.3}{Entidad: Alumno Extranjero}{section.3.3}% 18
\BOOKMARK [1][-]{section.3.4}{Modelado de Reglas de negocio}{chapter.3}% 19
\BOOKMARK [1][-]{section.3.5}{Modelo de Procesos AS-IS}{chapter.3}% 20
\BOOKMARK [2][-]{subsection.3.5.1}{PROC-01 An\341lisis de requerimientos}{section.3.5}% 21
\BOOKMARK [2][-]{subsection.3.5.2}{PROC-02 ...}{section.3.5}% 22
\BOOKMARK [1][-]{section.3.6}{Modelo de procesos TO-BE}{chapter.3}% 23
\BOOKMARK [2][-]{subsection.3.6.1}{PROCM-01 ...}{section.3.6}% 24
\BOOKMARK [0][-]{chapter.4}{Modelo din\341mico}{}% 25
\BOOKMARK [1][-]{section.4.1}{Descripci\363n de actores}{chapter.4}% 26
\BOOKMARK [2][-]{subsection.4.1.1}{Gerente de Operaciones}{section.4.1}% 27
\BOOKMARK [1][-]{section.4.2}{CU17 Inscribir a Seminario}{chapter.4}% 28
\BOOKMARK [2][-]{subsection.4.2.1}{Descripci\363n completa}{section.4.2}% 29
\BOOKMARK [2][-]{subsection.4.2.2}{Atributos importantes}{section.4.2}% 30
\BOOKMARK [2][-]{subsection.4.2.3}{Trayectorias del Caso de Uso}{section.4.2}% 31
\BOOKMARK [2][-]{subsection.4.2.4}{Puntos de extensi\363n}{section.4.2}% 32
\BOOKMARK [0][-]{chapter.5}{Modelo de la interacci\363n}{}% 33
\BOOKMARK [1][-]{section.5.1}{Modelo de navegaci\363n}{chapter.5}% 34
\BOOKMARK [1][-]{section.5.2}{IU23 Pantalla de Control de Acceso}{chapter.5}% 35
\BOOKMARK [2][-]{subsection.5.2.1}{Objetivo}{section.5.2}% 36
\BOOKMARK [2][-]{subsection.5.2.2}{Dise\361o}{section.5.2}% 37
\BOOKMARK [2][-]{subsection.5.2.3}{Salidas}{section.5.2}% 38
\BOOKMARK [2][-]{subsection.5.2.4}{Entradas}{section.5.2}% 39
\BOOKMARK [2][-]{subsection.5.2.5}{Comandos}{section.5.2}% 40
\BOOKMARK [2][-]{subsection.5.2.6}{Mensajes}{section.5.2}% 41
